CRITICAL:root:5000
CRITICAL:root:4678998
ERROR:root:kusum
CRITICAL:root:3000
CRITICAL:root:5898
ERROR:root:jyoti
CRITICAL:root:9000
CRITICAL:root:578778
ERROR:root:mukul
CRITICAL:root:5000
CRITICAL:root:4678998
ERROR:root:kusum
CRITICAL:root:3000
CRITICAL:root:5898
ERROR:root:jyoti
CRITICAL:root:9000
CRITICAL:root:578778
ERROR:root:mukul
CRITICAL:root:5000
CRITICAL:root:4678998
ERROR:root:kusum
CRITICAL:root:3000
CRITICAL:root:5898
ERROR:root:jyoti
CRITICAL:root:9000
CRITICAL:root:578778
ERROR:root:mukul
CRITICAL:root:5000
CRITICAL:root:4678998
ERROR:root:kusum
CRITICAL:root:3000
CRITICAL:root:5898
ERROR:root:jyoti
CRITICAL:root:9000
CRITICAL:root:578778
ERROR:root:mukul
CRITICAL:root:5000
CRITICAL:root:4678998
ERROR:root:kusum
CRITICAL:root:3000
CRITICAL:root:5898
ERROR:root:jyoti
CRITICAL:root:9000
CRITICAL:root:578778
ERROR:root:mukul
CRITICAL:root:productt_name
CRITICAL:root:productt_name
CRITICAL:root:productt_name
CRITICAL:root:productt_name
CRITICAL:root:productt_name
CRITICAL:root:productt_name
CRITICAL:root:product_name
CRITICAL:root:product_name
CRITICAL:root:product_name
CRITICAL:root:product_name
CRITICAL:root:product_name
CRITICAL:root:product_name
CRITICAL:root:product_name
CRITICAL:root:product_name
CRITICAL:root:product_name
CRITICAL:root:product_name
CRITICAL:root:product_name
CRITICAL:root:item.product_name
CRITICAL:root:item.product_name
CRITICAL:root:item.product_name
CRITICAL:root:item.product_name
CRITICAL:root:item.product_name
CRITICAL:root:item.product_name
CRITICAL:root:item.product_name
CRITICAL:root:item.product_name
CRITICAL:root:item.product_name
CRITICAL:root:item.product_name
CRITICAL:root:item.product_name
CRITICAL:root:item.product_name
CRITICAL:root:item.product_name
CRITICAL:root:item.product_name
CRITICAL:root:item.product_name
CRITICAL:root:item.product_name
CRITICAL:root:item.product_name
CRITICAL:root:item.product_name
CRITICAL:root:item.product_name
CRITICAL:root:item.product_name
CRITICAL:root:item.product_name
CRITICAL:root:item.product_name
CRITICAL:root:shampoo
CRITICAL:root:oil
CRITICAL:root:soap
CRITICAL:root:turmeic
CRITICAL:root:salt
CRITICAL:root:coriandor
CRITICAL:root:oil
CRITICAL:root:soap
CRITICAL:root:turmeic
CRITICAL:root:salt
CRITICAL:root:coriandor
CRITICAL:root:5000
CRITICAL:root:4678998
ERROR:root:kusum
CRITICAL:root:3000
CRITICAL:root:5898
ERROR:root:jyoti
CRITICAL:root:9000
CRITICAL:root:578778
ERROR:root:mukul
CRITICAL:root:shampoo
CRITICAL:root:oil
CRITICAL:root:soap
CRITICAL:root:turmeic
CRITICAL:root:salt
CRITICAL:root:coriandor
CRITICAL:root:oil
CRITICAL:root:soap
CRITICAL:root:turmeic
CRITICAL:root:salt
CRITICAL:root:coriandor
CRITICAL:root:shampoo
CRITICAL:root:oil
CRITICAL:root:soap
CRITICAL:root:turmeic
CRITICAL:root:salt
CRITICAL:root:coriandor
CRITICAL:root:oil
CRITICAL:root:soap
CRITICAL:root:turmeic
CRITICAL:root:salt
CRITICAL:root:coriandor
CRITICAL:root:shampoo
CRITICAL:root:oil
CRITICAL:root:soap
CRITICAL:root:turmeic
CRITICAL:root:salt
CRITICAL:root:coriandor
CRITICAL:root:oil
CRITICAL:root:soap
CRITICAL:root:turmeic
CRITICAL:root:salt
CRITICAL:root:coriandor
CRITICAL:root:shampoo
CRITICAL:root:oil
CRITICAL:root:soap
CRITICAL:root:turmeic
CRITICAL:root:salt
CRITICAL:root:coriandor
CRITICAL:root:oil
CRITICAL:root:soap
CRITICAL:root:turmeic
CRITICAL:root:salt
CRITICAL:root:coriandor
CRITICAL:root:shampoo
CRITICAL:root:oil
CRITICAL:root:soap
CRITICAL:root:turmeic
CRITICAL:root:salt
CRITICAL:root:coriandor
CRITICAL:root:oil
CRITICAL:root:soap
CRITICAL:root:turmeic
CRITICAL:root:salt
CRITICAL:root:coriandor
